 IPER  ISTEP  TLEN  IDB  ILYR  IROW  ICOL  CHEAD  COM  EST  HC  RERR
 1          1          0.38313807       1          1          1          2          10               0.021784528      490              490              9.8498914e-09   
 1          2          0.78543304       1          1          1          2          9.9999997        0.039691117      490              490              9.9571112e-09   
 1          3          1.2078428        1          1          1          2          9.9999983        0.054954287      490              490              9.7177216e-09   
 1          4          1.651373         1          1          1          2          9.9999935        0.068354483      490.00001        490.00001        8.3362373e-09   
 1          5          2.1170797        1          1          1          2          9.99998          0.080409235      490.00002        490.00002        7.2156209e-09   
 1          6          2.6060717        1          1          1          2          9.999947         0.091475046      490.00005        490.00005        5.9737038e-08   
 1          7          3.1195134        1          1          1          2          9.9998754        0.10180529       490.00012        490.00012        5.3048202e-08   
 1          8          3.6586271        1          1          1          2          9.9997329        0.11158446       490.00027        490.00027        4.8125232e-08   
 1          9          4.2246966        1          1          1          2          9.9994701        0.12095001       490.00053        490.00053        4.4275171e-08   
 1          10         4.8190695        1          1          1          2          9.9990144        0.13000612       490.00099        490.00099        4.113332e-08    
 1          11         5.443161         1          1          1          2          9.9982652        0.13883305       490.00173        490.00173        2.7601096e-08   
 1          12         6.0984571        1          1          1          2          9.9970884        0.14749354       490.00291        490.00291        5.2858727e-08   
 1          13         6.7865181        1          1          1          2          9.9953128        0.15603732       490.00469        490.00469        5.4703213e-08   
 1          14         7.508982         1          1          1          2          9.9927267        0.16450442       490.00727        490.00727        4.40075e-08     
 1          15         8.2675692        1          1          1          2          9.9890771        0.17292749       490.01092        490.01092        2.6818698e-08   
 1          16         9.0640857        1          1          1          2          9.9840697        0.18133356       490.01593        490.01593        6.5618689e-09   
 1          17         9.9004281        1          1          1          2          9.9773717        0.18974538       490.02263        490.02263        1.4813735e-08   
 1          18         10.778588        1          1          1          2          9.9686155        0.19818236       490.03138        490.03138        3.6202669e-08   
 1          19         11.700655        1          1          1          2          9.9574044        0.20666134       490.0426         490.0426         5.698954e-08    
 1          20         12.668826        1          1          1          2          9.9433198        0.21519715       490.05668        490.05668        7.684839e-08    
 1          21         13.685405        1          1          1          2          9.9259289        0.22380305       490.07407        490.07407        9.5624057e-08   
 1          22         14.752814        1          1          1          2          9.9047929        0.23249105       490.09521        490.09521        1.1325817e-07   
 1          23         15.873592        1          1          1          2          9.8794756        0.24127214       490.12052        490.12052        1.2975183e-07   
 1          24         17.05041         1          1          1          2          9.849552         0.25015656       490.15045        490.15045        1.4513582e-07   
 1          25         18.286069        1          1          1          2          9.8146153        0.25915387       490.18538        490.18538        1.5945929e-07   
 1          26         19.58351         1          1          1          2          9.7742847        0.26827312       490.22572        490.22572        1.727763e-07    
 1          27         20.945824        1          1          1          2          9.7282109        0.27752295       490.27179        490.27179        1.8514473e-07   
 1          28         22.376253        1          1          1          2          9.6760808        0.28691161       490.32392        490.32392        1.9662214e-07   
 1          29         23.878204        1          1          1          2          9.6176221        0.29644705       490.38238        490.38238        2.0726609e-07   
 1          30         25.455252        1          1          1          2          9.5526048        0.30613695       490.4474         490.4474         2.1713219e-07   
 1          31         27.111152        1          1          1          2          9.4808438        0.31598872       490.51916        490.51916        2.2627649e-07   
 1          32         28.849848        1          1          1          2          9.4021987        0.3260095        490.5978         490.5978         2.3475692e-07   
 1          33         30.675479        1          1          1          2          9.3165735        0.33620618       490.68343        490.68343        2.426314e-07    
 1          34         32.592391        1          1          1          2          9.2239159        0.34658533       490.77608        490.77608        2.49959e-07     
 1          35         34.605148        1          1          1          2          9.1242149        0.35715318       490.87579        490.87579        2.5680165e-07   
 1          36         36.718544        1          1          1          2          9.0174988        0.36791557       490.9825         490.9825         2.6322307e-07   
 1          37         38.937609        1          1          1          2          8.9038324        0.37887784       491.09617        491.09617        2.6928788e-07   
 1          38         41.267627        1          1          1          2          8.7833143        0.39004481       491.21669        491.21669        2.7505958e-07   
 1          39         43.714147        1          1          1          2          8.6560735        0.40142063       491.34393        491.34393        2.8060159e-07   
 1          40         46.282992        1          1          1          2          8.5222666        0.41300869       491.47773        491.47773        2.8597357e-07   
 1          41         48.98028         1          1          1          2          8.3820747        0.42481151       491.61793        491.61793        2.9123258e-07   
 1          42         51.812432        1          1          1          2          8.2357004        0.43683066       491.7643         491.7643         2.9642888e-07   
 1          43         54.786192        1          1          1          2          8.0833654        0.44906657       491.91663        491.91663        3.0160608e-07   
 1          44         57.908639        1          1          1          2          7.9253077        0.46151848       492.07469        492.07469        3.0679861e-07   
 1          45         61.187209        1          1          1          2          7.7617798        0.4741843        492.23822        492.23822        3.1203352e-07   
 1          46         64.629708        1          1          1          2          7.5930467        0.4870605        492.40695        492.40695        3.1732586e-07   
 1          47         68.244331        1          1          1          2          7.4193844        0.50014206       492.58062        492.58062        3.2268229e-07   
 1          48         72.039686        1          1          1          2          7.2410788        0.51342234       492.75892        492.75892        3.2809791e-07   
 1          49         76.024808        1          1          1          2          7.0584249        0.52689306       492.94158        492.94158        3.3355871e-07   
 1          50         80.209187        1          1          1          2          6.8717263        0.54054422       493.12827        493.12827        3.3904033e-07   
 1          51         84.602784        1          1          1          2          6.6812947        0.5543641        493.31871        493.31871        3.4450971e-07   
 1          52         89.216062        1          1          1          2          6.4874502        0.56833923       493.51255        493.51255        3.499252e-07    
 1          53         94.060003        1          1          1          2          6.2905215        0.58245443       493.70948        493.70948        3.5524017e-07   
 1          54         99.146141        1          1          1          2          6.0908461        0.59669278       493.90915        493.90915        3.6040201e-07   
 1          55         104.48659        1          1          1          2          5.8887706        0.61103574       494.11123        494.11123        3.6535624e-07   
 1          56         110.09405        1          1          1          2          5.6846517        0.62546313       494.31535        494.31535        3.700456e-07    
 1          57         115.98189        1          1          1          2          5.4788559        0.6399533        494.52114        494.52114        3.7441446e-07   
 1          58         122.16413        1          1          1          2          5.2717605        0.65448313       494.72824        494.72824        3.7840866e-07   
 1          59         128.65547        1          1          1          2          5.0637535        0.66902821       494.93625        494.93625        3.819789e-07    
 1          60         135.47138        1          1          1          2          4.8552335        0.6835629        495.14477        495.14477        3.8508107e-07   
 1          61         142.62809        1          1          1          2          4.6466098        0.69806053       495.35339        495.35339        3.8767959e-07   
 1          62         150.14263        1          1          1          2          4.4383015        0.7124935        495.5617         495.5617         3.897471e-07    
 1          63         158.0329         1          1          1          2          4.2307372        0.72683343       495.76926        495.76926        3.912662e-07    
 1          64         166.31769        1          1          1          2          4.0243536        0.74105136       495.97565        495.97565        3.9222918e-07   
 1          65         175.01671        1          1          1          2          3.819594         0.75511792       496.18041        496.18041        3.9263905e-07   
 1          66         184.15068        1          1          1          2          3.6169067        0.76900348       496.38309        496.38309        3.925104e-07    
 1          67         193.74135        1          1          1          2          3.4167431        0.78267842       496.58326        496.58326        3.9186637e-07   
 1          68         203.81156        1          1          1          2          3.2195549        0.79611326       496.78045        496.78045        3.9074021e-07   
 1          69         214.38528        1          1          1          2          3.025792         0.80927892       496.97421        496.97421        3.8917355e-07   
 1          70         225.48768        1          1          1          2          2.8358987        0.82214691       497.1641         497.1641         3.8721381e-07   
 1          71         237.1452         1          1          1          2          2.6503114        0.83468959       497.34969        497.34969        3.849143e-07    
 1          72         249.3856         1          1          1          2          2.4694545        0.84688037       497.53055        497.53055        3.8233136e-07   
 1          73         262.23802        1          1          1          2          2.2937372        0.85869395       497.70626        497.70626        3.7952306e-07   
 1          74         275.73305        1          1          1          2          2.1235495        0.87010657       497.87645        497.87645        3.7654779e-07   
 1          75         289.90284        1          1          1          2          1.9592585        0.88109621       498.04074        498.04074        3.7346175e-07   
 1          76         304.78113        1          1          1          2          1.8012043        0.89164283       498.1988         498.1988         3.7031879e-07   
 1          77         320.40332        1          1          1          2          1.6496965        0.90172862       498.3503         498.3503         3.6716774e-07   
 1          78         336.80662        1          1          1          2          1.5050102        0.91133813       498.49499        498.49499        3.6405301e-07   
 1          79         354.03009        1          1          1          2          1.3673824        0.92045854       498.63262        498.63262        3.6101239e-07   
 1          80         372.11474        1          1          1          2          1.237009         0.92907979       498.76299        498.76299        3.580783e-07    
 1          81         391.10361        1          1          1          2          1.1140414        0.93719473       498.88596        498.88596        3.5527611e-07   
 1          82         411.04193        1          1          1          2          0.99858437       0.94479924       499.00142        499.00142        3.5262565e-07   
 1          83         431.97716        1          1          1          2          0.89069379       0.95189235       499.10931        499.10931        3.5014074e-07   
 1          84         453.95916        1          1          1          2          0.79037542       0.95847623       499.20962        499.20962        3.4783061e-07   
 1          85         477.04026        1          1          1          2          0.69758419       0.96455626       499.30242        499.30242        3.4569938e-07   
 1          86         501.27541        1          1          1          2          0.61222427       0.97014094       499.38778        499.38778        3.4374762e-07   
 1          87         526.72232        1          1          1          2          0.53415003       0.97524184       499.46585        499.46585        3.4197276e-07   
 1          88         553.44157        1          1          1          2          0.46316783       0.97987346       499.53683        499.53683        3.4036959e-07   
 1          89         581.49679        1          1          1          2          0.39903869       0.98405302       499.60096        499.60096        3.389312e-07    
 1          90         610.95476        1          1          1          2          0.34148182       0.98780028       499.65852        499.65852        3.3764913e-07   
 1          91         641.88564        1          1          1          2          0.29017901       0.99113718       499.70982        499.70982        3.3651417e-07   
 1          92         674.36306        1          1          1          2          0.24477971       0.99408758       499.75522        499.75522        3.3551609e-07   
 1          93         708.46435        1          1          1          2          0.20490681       0.99667688       499.79509        499.79509        3.3464478e-07   
 1          94         744.27071        1          1          1          2          0.17016286       0.99893162       499.82984        499.82984        3.3388941e-07   
 1          95         781.86738        1          1          1          2          0.14013664       1.0008791        499.85986        499.85986        3.3324004e-07   
 1          96         821.34389        1          1          1          2          0.11440992       1.0025468        499.88559        499.88559        3.3268577e-07   
 1          97         862.79422        1          1          1          2          0.092564065      1.0039624        499.90744        499.90744        3.3814176e-07   
 1          98         906.31707        1          1          1          2          0.074186533      1.0051528        499.92581        499.92581        3.4087516e-07   
 1          99         952.01606        1          1          1          2          0.058876784      1.0061442        499.94112        499.94112        3.421346e-07    
 1          100        1000             1          1          1          2          0.046251651      1.0069615        499.95375        499.95375        3.4263603e-07   
