 IPER  ISTEP  TLEN  IDB  ILYR  IROW  ICOL  CHEAD  COM  EST  HC  RERR
 1          1          0.38313807       1          1          1          2          45               0.012128315      455              455              3.9037545e-08   
 1          2          0.78543304       1          1          1          2          45               0.023925446      455              455              3.7063958e-08   
 1          3          1.2078428        1          1          1          2          45               0.035410239      455              455              3.5267293e-08   
 1          4          1.651373         1          1          1          2          45               0.046600657      455              455              3.3605967e-08   
 1          5          2.1170797        1          1          1          2          45               0.057513815      455              455              3.2032924e-08   
 1          6          2.6060717        1          1          1          2          45               0.068166001      455              455              3.0568135e-08   
 1          7          3.1195134        1          1          1          2          45               0.078572708      455              455              2.9205157e-08   
 1          8          3.6586271        1          1          1          2          45               0.088748668      455              455              2.7933271e-08   
 1          9          4.2246966        1          1          1          2          45               0.098707884      455              455              2.6745415e-08   
 1          10         4.8190695        1          1          1          2          45               0.10846367       455              455              2.5638244e-08   
 1          11         5.443161         1          1          1          2          45               0.11802867       455              455              2.4601329e-08   
 1          12         6.0984571        1          1          1          2          45               0.12741491       455              455              2.3635497e-08   
 1          13         6.7865181        1          1          1          2          45               0.13663383       455              455              2.2730628e-08   
 1          14         7.508982         1          1          1          2          45               0.14569631       455              455              2.1882169e-08   
 1          15         8.2675692        1          1          1          2          45               0.15461271       455              455              2.1088447e-08   
 1          16         9.0640857        1          1          1          2          45               0.1633929        455              455              2.0344379e-08   
 1          17         9.9004281        1          1          1          2          45               0.17204631       455              455              1.9646634e-08   
 1          18         10.778588        1          1          1          2          45               0.18058193       455              455              1.8990226e-08   
 1          19         11.700655        1          1          1          2          45               0.18900835       455              455              1.8373372e-08   
 1          20         12.668826        1          1          1          2          45               0.19733382       455              455              1.7792206e-08   
 1          21         13.685405        1          1          1          2          45               0.20556623       455              455              1.7243648e-08   
 1          22         14.752814        1          1          1          2          45               0.21371317       455              455              1.6725496e-08   
 1          23         15.873592        1          1          1          2          44.999999        0.22178195       455              455              1.6236318e-08   
 1          24         17.05041         1          1          1          2          44.999999        0.22977963       455              455              1.5773546e-08   
 1          25         18.286069        1          1          1          2          44.999998        0.23771302       455              455              1.5335476e-08   
 1          26         19.58351         1          1          1          2          44.999997        0.24558873       455              455              1.491912e-08    
 1          27         20.945824        1          1          1          2          44.999996        0.25341317       455              455              1.4523407e-08   
 1          28         22.376253        1          1          1          2          44.999994        0.26119261       455.00001        455.00001        1.4147785e-08   
 1          29         23.878204        1          1          1          2          44.99999         0.26893315       455.00001        455.00001        1.3790333e-08   
 1          30         25.455252        1          1          1          2          44.999985        0.27664077       455.00001        455.00001        1.3449267e-08   
 1          31         27.111152        1          1          1          2          44.999978        0.28432135       455.00002        455.00002        1.3122872e-08   
 1          32         28.849848        1          1          1          2          44.999967        0.29198067       455.00003        455.00003        1.2810094e-08   
 1          33         30.675479        1          1          1          2          44.999951        0.29962444       455.00005        455.00005        1.2511352e-08   
 1          34         32.592391        1          1          1          2          44.999928        0.30725834       455.00007        455.00007        1.2226087e-08   
 1          35         34.605148        1          1          1          2          44.999895        0.31488798       455.0001         455.0001         1.1951898e-08   
 1          36         36.718544        1          1          1          2          44.999849        0.32251897       455.00015        455.00015        1.1688136e-08   
 1          37         38.937609        1          1          1          2          44.999785        0.3301569        455.00021        455.00021        1.143484e-08    
 1          38         41.267627        1          1          1          2          44.999696        0.33780739       455.0003         455.0003         1.1191111e-08   
 1          39         43.714147        1          1          1          2          44.999574        0.34547606       455.00043        455.00043        1.0956234e-08   
 1          40         46.282992        1          1          1          2          44.999408        0.35316859       455.00059        455.00059        3.6016911e-08   
 1          41         48.98028         1          1          1          2          44.999185        0.3608907        455.00082        455.00082        5.8496333e-08   
 1          42         51.812432        1          1          1          2          44.998885        0.36864819       455.00111        455.00111        7.8658919e-08   
 1          43         54.786192        1          1          1          2          44.998488        0.37644694       455.00151        455.00151        9.6737428e-08   
 1          44         57.908639        1          1          1          2          44.997966        0.38429291       455.00203        455.00203        1.1293958e-07   
 1          45         61.187209        1          1          1          2          44.997284        0.39219217       455.00272        455.00272        1.2745106e-07   
 1          46         64.629708        1          1          1          2          44.996402        0.40015094       455.0036         455.0036         1.4043522e-07   
 1          47         68.244331        1          1          1          2          44.995269        0.40817554       455.00473        455.00473        1.5203981e-07   
 1          48         72.039686        1          1          1          2          44.993826        0.41627245       455.00617        455.00617        1.6239648e-07   
 1          49         76.024808        1          1          1          2          44.992002        0.4244483        455.008          455.008          1.7162411e-07   
 1          50         80.209187        1          1          1          2          44.989713        0.43270991       455.01029        455.01029        1.7982681e-07   
 1          51         84.602784        1          1          1          2          44.986863        0.44106426       455.01314        455.01314        1.8710033e-07   
 1          52         89.216062        1          1          1          2          44.98334         0.44951854       455.01666        455.01666        1.9352932e-07   
 1          53         94.060003        1          1          1          2          44.979018        0.45808012       455.02098        455.02098        1.9919207e-07   
 1          54         99.146141        1          1          1          2          44.973751        0.4667566        455.02625        455.02625        2.0415719e-07   
 1          55         104.48659        1          1          1          2          44.96738         0.4755558        455.03262        455.03262        2.0848739e-07   
 1          56         110.09405        1          1          1          2          44.959725        0.48448578       455.04027        455.04027        2.1223985e-07   
 1          57         115.98189        1          1          1          2          44.950589        0.49355482       455.04941        455.04941        2.1546456e-07   
 1          58         122.16413        1          1          1          2          44.939758        0.50277146       455.06024        455.06024        2.1820854e-07   
 1          59         128.65547        1          1          1          2          44.926999        0.51214447       455.073          455.073          2.2051355e-07   
 1          60         135.47138        1          1          1          2          44.912065        0.52168291       455.08794        455.08794        2.2241756e-07   
 1          61         142.62809        1          1          1          2          44.894689        0.53139608       455.10531        455.10531        2.2395591e-07   
 1          62         150.14263        1          1          1          2          44.874596        0.54129353       455.1254         455.1254         2.2515945e-07   
 1          63         158.0329         1          1          1          2          44.851493        0.55138511       455.14851        455.14851        2.2605808e-07   
 1          64         166.31769        1          1          1          2          44.825081        0.56168089       455.17492        455.17492        2.2667808e-07   
 1          65         175.01671        1          1          1          2          44.79505         0.57219124       455.20495        455.20495        2.2704313e-07   
 1          66         184.15068        1          1          1          2          44.761088        0.58292674       455.23891        455.23891        2.2717733e-07   
 1          67         193.74135        1          1          1          2          44.722877        0.59389827       455.27712        455.27712        2.2710116e-07   
 1          68         203.81156        1          1          1          2          44.680099        0.60511708       455.3199         455.3199         2.228385e-07    
 1          69         214.38528        1          1          1          2          44.632441        0.61659435       455.36756        455.36756        2.1863949e-07   
 1          70         225.48768        1          1          1          2          44.579592        0.62834162       455.42041        455.42041        2.1450171e-07   
 1          71         237.1452         1          1          1          2          44.521251        0.64037068       455.47875        455.47875        2.104225e-07    
 1          72         249.3856         1          1          1          2          44.457126        0.65269348       455.54287        455.54287        2.0640012e-07   
 1          73         262.23802        1          1          1          2          44.386937        0.66532219       455.61306        455.61306        2.0243331e-07   
 1          74         275.73305        1          1          1          2          44.310419        0.67826911       455.68958        455.68958        1.9852022e-07   
 1          75         289.90284        1          1          1          2          44.227323        0.6915467        455.77268        455.77268        1.9465989e-07   
 1          76         304.78113        1          1          1          2          44.137415        0.70516753       455.86259        455.86259        1.9085116e-07   
 1          77         320.40332        1          1          1          2          44.040482        0.71914427       455.95952        455.95952        1.8709267e-07   
 1          78         336.80662        1          1          1          2          43.936331        0.73348967       456.06367        456.06367        1.8338389e-07   
 1          79         354.03009        1          1          1          2          43.824786        0.7482165        456.17521        456.17521        1.7972375e-07   
 1          80         372.11474        1          1          1          2          43.705693        0.76333755       456.29431        456.29431        1.7611206e-07   
 1          81         391.10361        1          1          1          2          43.578918        0.77886557       456.42108        456.42108        1.7254861e-07   
 1          82         411.04193        1          1          1          2          43.444348        0.79481324       456.55565        456.55565        1.690324e-07    
 1          83         431.97716        1          1          1          2          43.301889        0.81119312       456.69811        456.69811        1.6556293e-07   
 1          84         453.95916        1          1          1          2          43.151466        0.82801759       456.84853        456.84853        1.6214063e-07   
 1          85         477.04026        1          1          1          2          42.993025        0.84529879       457.00698        457.00698        1.5876559e-07   
 1          86         501.27541        1          1          1          2          42.826526        0.86304857       457.17347        457.17347        1.5543724e-07   
 1          87         526.72232        1          1          1          2          42.651951        0.88127841       457.34805        457.34805        1.521552e-07    
 1          88         553.44157        1          1          1          2          42.469295        0.89999933       457.5307         457.5307         1.4891985e-07   
 1          89         581.49679        1          1          1          2          42.278571        0.91922182       457.72143        457.72143        1.4573103e-07   
 1          90         610.95476        1          1          1          2          42.079805        0.93895572       457.92019        457.92019        1.4258858e-07   
 1          91         641.88564        1          1          1          2          41.873038        0.95921017       458.12696        458.12696        1.394927e-07    
 1          92         674.36306        1          1          1          2          41.658323        0.97999347       458.34168        458.34168        1.3644345e-07   
 1          93         708.46435        1          1          1          2          41.435727        1.001313         458.56427        458.56427        1.3344039e-07   
 1          94         744.27071        1          1          1          2          41.205327        1.023175         458.79467        458.79467        1.3048385e-07   
 1          95         781.86738        1          1          1          2          40.967213        1.0455848        459.03279        459.03279        1.2757272e-07   
 1          96         821.34389        1          1          1          2          40.721482        1.0685462        459.27852        459.27852        1.2470746e-07   
 1          97         862.79422        1          1          1          2          40.468246        1.092062         459.53175        459.53175        1.2188743e-07   
 1          98         906.31707        1          1          1          2          40.207622        1.1161333        459.79238        459.79238        1.1911238e-07   
 1          99         952.01606        1          1          1          2          39.93974         1.1407594        460.06026        460.06026        1.2593037e-07   
 1          100        1000             1          1          1          2          39.664736        1.1659389        460.33526        460.33526        1.3354116e-07   
