 IPER  ISTEP  TLEN  STAIN  CSTIN  IBEIN  IBVIN  WSTIN  CNHIN  STAOUT  CSTOUT  IBEOUT  IBVOUT  WSTOUT  CNHOUT  ABER  RBER
 1          1          0.38313807       0                0                0                6.8051329e-05    0                0                0                0                0                0                0                6.8051329e-05    0                0               
 1          2          0.78543304       0                0                0                0.00013481307    0                0                0                0                0                0                0                0.00013481307    0                0               
 1          3          1.2078428        0                0                0                0.00020028629    0                0                0                0                0                0                0                0.00020028629    0                0               
 1          4          1.651373         0                0                0                0.00026448425    0                0                0                0                0                0                0                0.00026448425    1.3552527e-20    0               
 1          5          2.1170797        0                0                0                0.00032743221    0                0                0                0                0                0                0                0.00032743221    2.7105054e-20    8.2780659e-15   
 1          6          2.6060717        0                0                0                0.00038916707    0                0                0                0                0                0                0                0.00038916707    2.7105054e-20    0               
 1          7          3.1195134        0                0                0                0.00044973678    0                0                0                0                0                0                0                0.00044973678    2.7105054e-20    0               
 1          8          3.6586271        0                0                0                0.00050919967    0                0                0                0                0                0                0                0.00050919967    3.3881318e-20    1.064614e-14    
 1          9          4.2246966        0                0                0                0.00056762355    0                0                0                0                0                0                0                0.00056762355    4.0657581e-20    9.5503628e-15   
 1          10         4.8190695        0                0                0                0.00062508478    0                0                0                0                0                0                0                0.00062508478    4.0657581e-20    8.672441e-15    
 1          11         5.443161         0                0                0                0.00068166709    0                0                0                0                0                0                0                0.00068166709    4.0657581e-20    7.9525783e-15   
 1          12         6.0984571        0                0                0                0.00073746045    0                0                0                0                0                0                0                0.00073746045    4.0657581e-20    7.3509174e-15   
 1          13         6.7865181        0                0                0                0.00079255983    0                0                0                0                0                0                0                0.00079255983    4.0657581e-20    6.8398759e-15   
 1          14         7.508982         0                0                0                0.0008470639     0                0                0                0                0                0                0                0.0008470639     4.0657581e-20    6.3997661e-15   
 1          15         8.2675692        0                0                0                0.00090107384    0                0                0                0                0                0                0                0.00090107384    4.0657581e-20    1.2032334e-14   
 1          16         9.0640857        0                0                0                0.00095469206    0                0                0                0                0                0                0                0.00095469206    4.0657581e-20    1.1356564e-14   
 1          17         9.9004281        0                0                0                0.0010080212     0                0                0                0                0                0                0                0.0010080212     4.0657581e-20    1.0755748e-14   
 1          18         10.778588        0                0                0                0.0010611628     0                0                0                0                0                0                0                0.0010611628     3.3881318e-20    1.0217115e-14   
 1          19         11.700655        0                0                0                0.0011142168     0                0                0                0                0                0                0                0.0011142168     3.3881318e-20    9.7306211e-15   
 1          20         12.668826        0                0                0                0.0011672806     0                0                0                0                0                0                0                0.0011672806     3.3881318e-20    9.288274e-15    
 1          21         13.685405        0                0                0                0.0012204482     0                0                0                0                0                0                0                0.0012204482     3.3881318e-20    8.8836398e-15   
 1          22         14.752814        0                0                0                0.00127381       0                0                0                0                0                0                0                0.00127381       3.3881318e-20    8.5114903e-15   
 1          23         15.873592        0                0                0                0.0013274527     0                0                0                0                0                0                0                0.0013274527     2.7105054e-20    8.1675389e-15   
 1          24         17.05041         0                0                0                0.0013814586     0                0                0                0                0                0                0                0.0013814586     2.0328791e-20    7.8482424e-15   
 1          25         18.286069        0                0                0                0.0014359058     0                0                0                0                0                0                0                0.0014359058     2.0328791e-20    7.5506499e-15   
 1          26         19.58351         0                0                0                0.0014908684     0                0                0                0                0                0                0                0.0014908684     2.0328791e-20    7.2722862e-15   
 1          27         20.945824        0                0                0                0.0015464167     0                0                0                0                0                0                0                0.0015464167     2.0328791e-20    7.0110609e-15   
 1          28         22.376253        0                0                0                0.0016026172     0                0                0                0                0                0                0                0.0016026172     2.0328791e-20    6.7651975e-15   
 1          29         23.878204        0                0                0                0.001659533      0                0                0                0                0                0                0                0.001659533      2.0328791e-20    6.5331764e-15   
 1          30         25.455252        0                0                0                0.0017172243     0                0                0                0                0                0                0                0.0017172243     2.0328791e-20    6.3136901e-15   
 1          31         27.111152        0                0                0                0.0017757484     0                0                0                0                0                0                0                0.0017757484     2.0328791e-20    6.1056068e-15   
 1          32         28.849848        0                0                0                0.0018351607     0                0                0                0                0                0                0                0.0018351607     2.0328791e-20    5.9079412e-15   
 1          33         30.675479        0                0                0                0.0018955143     0                0                0                0                0                0                0                0.0018955143     3.3881318e-20    5.719831e-15    
 1          34         32.592391        0                0                0                0.0019568608     0                0                0                0                0                0                0                0.0019568608     3.3881318e-20    1.1081035e-14   
 1          35         34.605148        0                0                0                0.0020192504     0                0                0                0                0                0                0                0.0020192504     3.3881318e-20    1.073866e-14    
 1          36         36.718544        0                0                0                0.0020827323     0                0                0                0                0                0                0                0.0020827323     4.7433845e-20    1.0411344e-14   
 1          37         38.937609        0                0                0                0.002147355      0                0                0                0                0                0                0                0.002147355      4.7433845e-20    1.0098024e-14   
 1          38         41.267627        0                0                0                0.0022131664     0                0                0                0                0                0                0                0.0022131664     4.7433845e-20    9.7977466e-15   
 1          39         43.714147        0                0                0                0.0022802139     0                0                0                0                0                0                0                0.0022802139     4.7433845e-20    9.5096532e-15   
 1          40         46.282992        0                0                0                0.0023485449     0                0                0                0                0                0                0                0.0023485449     4.7433845e-20    9.2329696e-15   
 1          41         48.98028         0                0                0                0.0024182066     0                0                0                0                0                0                0                0.0024182066     3.3881318e-20    8.9669937e-15   
 1          42         51.812432        0                0                0                0.0024892464     0                0                0                0                0                0                0                0.0024892464     3.3881318e-20    8.7110875e-15   
 1          43         54.786192        0                0                0                0.0025617119     0                0                0                0                0                0                0                0.0025617119     3.3881318e-20    8.464669e-15    
 1          44         57.908639        0                0                0                0.002635651      0                0                0                0                0                0                0                0.002635651      3.3881318e-20    8.227206e-15    
 1          45         61.187209        0                0                0                0.0027111118     0                0                0                0                0                0                0                0.0027111118     3.3881318e-20    7.9982106e-15   
 1          46         64.629708        0                0                0                0.0027881432     0                0                0                0                0                0                0                0.0027881432     3.3881318e-20    7.7772345e-15   
 1          47         68.244331        0                0                0                0.0028667943     0                0                0                0                0                0                0                0.0028667943     3.3881318e-20    7.5638643e-15   
 1          48         72.039686        0                0                0                0.002947115      0                0                0                0                0                0                0                0.002947115      2.0328791e-20    0               
 1          49         76.024808        0                0                0                0.0030291557     0                0                0                0                0                0                0                0.0030291557     6.7762636e-21    0               
 1          50         80.209187        0                0                0                0.0031129672     0                0                0                0                0                0                0                0.0031129672     2.0328791e-20    0               
 1          51         84.602784        0                0                0                0.0031986012     0                0                0                0                0                0                0                0.0031986012     2.0328791e-20    0               
 1          52         89.216062        0                0                0                0.0032861097     0                0                0                0                0                0                0                0.0032861097     2.0328791e-20    0               
 1          53         94.060003        0                0                0                0.0033755451     0                0                0                0                0                0                0                0.0033755451     2.0328791e-20    0               
 1          54         99.146141        0                0                0                0.0034669601     0                0                0                0                0                0                0                0.0034669601     3.3881318e-20    0               
 1          55         104.48659        0                0                0                0.0035604075     0                0                0                0                0                0                0                0.0035604075     4.7433845e-20    0               
 1          56         110.09405        0                0                0                0.0036559397     0                0                0                0                0                0                0                0.0036559397     2.0328791e-20    0               
 1          57         115.98189        0                0                0                0.0037536086     0                0                0                0                0                0                0                0.0037536086     6.7762636e-21    0               
 1          58         122.16413        0                0                0                0.0038534649     0                0                0                0                0                0                0                0.0038534649     6.7762636e-21    0               
 1          59         128.65547        0                0                0                0.0039555576     0                0                0                0                0                0                0                0.0039555576     6.7762636e-21    0               
 1          60         135.47138        0                0                0                0.0040599334     0                0                0                0                0                0                0                0.0040599334     6.7762636e-21    0               
 1          61         142.62809        0                0                0                0.0041666356     0                0                0                0                0                0                0                0.0041666356     6.7762636e-21    0               
 1          62         150.14263        0                0                0                0.0042757033     0                0                0                0                0                0                0                0.0042757033     6.7762636e-21    0               
 1          63         158.0329         0                0                0                0.0043871702     0                0                0                0                0                0                0                0.0043871702     2.0328791e-20    0               
 1          64         166.31769        0                0                0                0.0045010635     0                0                0                0                0                0                0                0.0045010635     2.0328791e-20    0               
 1          65         175.01671        0                0                0                0.0046174025     0                0                0                0                0                0                0                0.0046174025     6.7762636e-21    0               
 1          66         184.15068        0                0                0                0.0047361968     0                0                0                0                0                0                0                0.0047361968     6.7762636e-21    0               
 1          67         193.74135        0                0                0                0.0048574456     0                0                0                0                0                0                0                0.0048574456     -2.0328791e-20   0               
 1          68         203.81156        0                0                0                0.0049811351     0                0                0                0                0                0                0                0.0049811351     -2.0328791e-20   0               
 1          69         214.38528        0                0                0                0.0051072379     0                0                0                0                0                0                0                0.0051072379     -2.0328791e-20   0               
 1          70         225.48768        0                0                0                0.0052357107     0                0                0                0                0                0                0                0.0052357107     -2.0328791e-20   0               
 1          71         237.1452         0                0                0                0.0053664932     0                0                0                0                0                0                0                0.0053664932     -2.0328791e-20   0               
 1          72         249.3856         0                0                0                0.0054995067     0                0                0                0                0                0                0                0.0054995067     -2.0328791e-20   0               
 1          73         262.23802        0                0                0                0.0056346527     0                0                0                0                0                0                0                0.0056346527     -2.0328791e-20   0               
 1          74         275.73305        0                0                0                0.0057718118     0                0                0                0                0                0                0                0.0057718118     -2.0328791e-20   0               
 1          75         289.90284        0                0                0                0.0059108428     0                0                0                0                0                0                0                0.0059108428     -2.0328791e-20   0               
 1          76         304.78113        0                0                0                0.0060515824     0                0                0                0                0                0                0                0.0060515824     6.7762636e-21    0               
 1          77         320.40332        0                0                0                0.0061938443     0                0                0                0                0                0                0                0.0061938443     6.7762636e-21    0               
 1          78         336.80662        0                0                0                0.0063374193     0                0                0                0                0                0                0                0.0063374193     3.3881318e-20    0               
 1          79         354.03009        0                0                0                0.0064820757     0                0                0                0                0                0                0                0.0064820757     3.3881318e-20    0               
 1          80         372.11474        0                0                0                0.0066275593     0                0                0                0                0                0                0                0.0066275593     3.3881318e-20    0               
 1          81         391.10361        0                0                0                0.0067735944     0                0                0                0                0                0                0                0.0067735944     3.3881318e-20    0               
 1          82         411.04193        0                0                0                0.0069198853     0                0                0                0                0                0                0                0.0069198853     3.3881318e-20    0               
 1          83         431.97716        0                0                0                0.0070661169     0                0                0                0                0                0                0                0.0070661169     3.3881318e-20    0               
 1          84         453.95916        0                0                0                0.0072119573     0                0                0                0                0                0                0                0.0072119573     3.3881318e-20    0               
 1          85         477.04026        0                0                0                0.0073570594     0                0                0                0                0                0                0                0.0073570594     3.3881318e-20    0               
 1          86         501.27541        0                0                0                0.0075010633     0                0                0                0                0                0                0                0.0075010633     3.3881318e-20    0               
 1          87         526.72232        0                0                0                0.0076435991     0                0                0                0                0                0                0                0.0076435991     6.0986372e-20    0               
 1          88         553.44157        0                0                0                0.0077842901     0                0                0                0                0                0                0                0.0077842901     8.8091427e-20    0               
 1          89         581.49679        0                0                0                0.0079227558     0                0                0                0                0                0                0                0.0079227558     8.8091427e-20    0               
 1          90         610.95476        0                0                0                0.0080586155     0                0                0                0                0                0                0                0.0080586155     8.8091427e-20    0               
 1          91         641.88564        0                0                0                0.0081914922     0                0                0                0                0                0                0                0.0081914922     8.8091427e-20    0               
 1          92         674.36306        0                0                0                0.0083210168     0                0                0                0                0                0                0                0.0083210168     8.8091427e-20    0               
 1          93         708.46435        0                0                0                0.0084468316     0                0                0                0                0                0                0                0.0084468316     8.8091427e-20    0               
 1          94         744.27071        0                0                0                0.0085685953     0                0                0                0                0                0                0                0.0085685953     8.8091427e-20    0               
 1          95         781.86738        0                0                0                0.0086859868     0                0                0                0                0                0                0                0.0086859868     8.8091427e-20    0               
 1          96         821.34389        0                0                0                0.0087987095     0                0                0                0                0                0                0                0.0087987095     1.0164395e-19    0               
 1          97         862.79422        0                0                0                0.0089064956     0                0                0                0                0                0                0                0.0089064956     1.0164395e-19    0               
 1          98         906.31707        0                0                0                0.0090091099     0                0                0                0                0                0                0                0.0090091099     1.0164395e-19    0               
 1          99         952.01606        0                0                0                0.0091063532     0                0                0                0                0                0                0                0.0091063532     1.0164395e-19    0               
 1          100        1000             0                0                0                0.0091980658     0                0                0                0                0                0                0                0.0091980658     1.0164395e-19    0               
