 IPER  ISTEP  TLEN  IDB  ILYR  IROW  ICOL  CHEAD  COM  EST  HC  RERR
 1          1          0.38313807       1          1          1          2          1                6.8051329e-05    499              499              3.8754402e-08   
 1          2          0.78543304       1          1          1          2          1                0.00013481307    499              499              3.6747111e-08   
 1          3          1.2078428        1          1          1          2          1                0.00020028629    499              499              3.4292887e-08   
 1          4          1.651373         1          1          1          2          1                0.00026448425    499              499              3.1890335e-08   
 1          5          2.1170797        1          1          1          2          1                0.00032743221    499              499              2.9542116e-08   
 1          6          2.6060717        1          1          1          2          1                0.00038916707    499              499              2.7440576e-08   
 1          7          3.1195134        1          1          1          2          1                0.00044973678    499              499              2.5460666e-08   
 1          8          3.6586271        1          1          1          2          1                0.00050919967    499              499              2.3693729e-08   
 1          9          4.2246966        1          1          1          2          0.99999999       0.00056762355    499              499              2.2095032e-08   
 1          10         4.8190695        1          1          1          2          0.99999999       0.00062508478    499              499              2.0650244e-08   
 1          11         5.443161         1          1          1          2          0.99999997       0.00068166709    499              499              1.936852e-08    
 1          12         6.0984571        1          1          1          2          0.99999994       0.00073746045    499              499              1.8226467e-08   
 1          13         6.7865181        1          1          1          2          0.99999988       0.00079255983    499              499              1.7182787e-08   
 1          14         7.508982         1          1          1          2          0.99999978       0.0008470639     499              499              1.6218831e-08   
 1          15         8.2675692        1          1          1          2          0.99999959       0.00090107384    499              499              1.5355755e-08   
 1          16         9.0640857        1          1          1          2          0.99999925       0.00095469206    499              499              1.4588461e-08   
 1          17         9.9004281        1          1          1          2          0.99999869       0.0010080212     499              499              1.3870828e-08   
 1          18         10.778588        1          1          1          2          0.99999777       0.0010611628     499              499              1.3230336e-08   
 1          19         11.700655        1          1          1          2          0.99999627       0.0011142168     499              499              1.2617969e-08   
 1          20         12.668826        1          1          1          2          0.99999391       0.0011672806     499.00001        499.00001        7.0964164e-07   
 1          21         13.685405        1          1          1          2          0.99999024       0.0012204482     499.00001        499.00001        1.1467033e-06   
 1          22         14.752814        1          1          1          2          0.99998465       0.00127381       499.00002        499.00002        1.385093e-06    
 1          23         15.873592        1          1          1          2          0.99997628       0.0013274527     499.00002        499.00002        1.4720483e-06   
 1          24         17.05041         1          1          1          2          0.99996395       0.0013814586     499.00004        499.00004        1.4440444e-06   
 1          25         18.286069        1          1          1          2          0.99994607       0.0014359058     499.00005        499.00005        1.329333e-06    
 1          26         19.58351         1          1          1          2          0.99992053       0.0014908684     499.00008        499.00008        1.149783e-06    
 1          27         20.945824        1          1          1          2          0.99988456       0.0015464167     499.00012        499.00012        9.2237642e-07   
 1          28         22.376253        1          1          1          2          0.99983461       0.0016026172     499.00017        499.00017        6.6022674e-07   
 1          29         23.878204        1          1          1          2          0.99976613       0.001659533      499.00023        499.00023        3.734541e-07    
 1          30         25.455252        1          1          1          2          0.99967345       0.0017172243     499.00033        499.00033        3.608903e-07    
 1          31         27.111152        1          1          1          2          0.99954955       0.0017757484     499.00045        499.00045        3.4898753e-07   
 1          32         28.849848        1          1          1          2          0.99938587       0.0018351607     499.00061        499.00061        3.3768148e-07   
 1          33         30.675479        1          1          1          2          0.99917212       0.0018955143     499.00083        499.00083        3.2692401e-07   
 1          34         32.592391        1          1          1          2          0.99889604       0.0019568608     499.0011         499.0011         3.1666844e-07   
 1          35         34.605148        1          1          1          2          0.9985433        0.0020192504     499.00146        499.00146        3.068691e-07    
 1          36         36.718544        1          1          1          2          0.99809728       0.0020827323     499.0019         499.0019         2.9750976e-07   
 1          37         38.937609        1          1          1          2          0.99753896       0.002147355      499.00246        499.00246        2.8854777e-07   
 1          38         41.267627        1          1          1          2          0.99684688       0.0022131664     499.00315        499.00315        2.7996355e-07   
 1          39         43.714147        1          1          1          2          0.99599706       0.0022802139     499.004          499.004          2.7171961e-07   
 1          40         46.282992        1          1          1          2          0.99496308       0.0023485449     499.00504        499.00504        2.6380288e-07   
 1          41         48.98028         1          1          1          2          0.99371611       0.0024182066     499.00628        499.00628        2.5618784e-07   
 1          42         51.812432        1          1          1          2          0.99222514       0.0024892464     499.00777        499.00777        2.4886675e-07   
 1          43         54.786192        1          1          1          2          0.99045716       0.0025617119     499.00954        499.00954        2.4182378e-07   
 1          44         57.908639        1          1          1          2          0.98837743       0.002635651      499.01162        499.01162        2.3503648e-07   
 1          45         61.187209        1          1          1          2          0.98594989       0.0027111118     499.01405        499.01405        2.2848563e-07   
 1          46         64.629708        1          1          1          2          0.98313749       0.0027881432     499.01686        499.01686        2.221727e-07    
 1          47         68.244331        1          1          1          2          0.97990268       0.0028667943     499.0201         499.0201         2.1607073e-07   
 1          48         72.039686        1          1          1          2          0.97620786       0.002947115      499.02379        499.02379        2.1017519e-07   
 1          49         76.024808        1          1          1          2          0.97201589       0.0030291557     499.02798        499.02798        2.0447422e-07   
 1          50         80.209187        1          1          1          2          0.9672906        0.0031129672     499.03271        499.03271        1.9897012e-07   
 1          51         84.602784        1          1          1          2          0.96199726       0.0031986012     499.038          499.038          1.9363229e-07   
 1          52         89.216062        1          1          1          2          0.9561031        0.0032861097     499.0439         499.0439         1.8846941e-07   
 1          53         94.060003        1          1          1          2          0.94957775       0.0033755451     499.05042        499.05042        1.8346784e-07   
 1          54         99.146141        1          1          1          2          0.94239366       0.0034669601     499.05761        499.05761        1.7862289e-07   
 1          55         104.48659        1          1          1          2          0.93452646       0.0035604075     499.06547        499.06547        1.7392233e-07   
 1          56         110.09405        1          1          1          2          0.92595527       0.0036559397     499.07404        499.07404        1.693632e-07    
 1          57         115.98189        1          1          1          2          0.91666298       0.0037536086     499.08334        499.08334        1.6493976e-07   
 1          58         122.16413        1          1          1          2          0.90663639       0.0038534649     499.09336        499.09336        1.6065553e-07   
 1          59         128.65547        1          1          1          2          0.89586642       0.0039555576     499.10413        499.10413        1.565002e-07    
 1          60         135.47138        1          1          1          2          0.88434807       0.0040599334     499.11565        499.11565        1.5246782e-07   
 1          61         142.62809        1          1          1          2          0.87208052       0.0041666356     499.12792        499.12792        1.4855219e-07   
 1          62         150.14263        1          1          1          2          0.85906701       0.0042757033     499.14093        499.14093        1.4476217e-07   
 1          63         158.0329         1          1          1          2          0.8453148        0.0043871702     499.15469        499.15469        1.4107503e-07   
 1          64         166.31769        1          1          1          2          0.83083498       0.0045010635     499.16917        499.16917        1.3749988e-07   
 1          65         175.01671        1          1          1          2          0.81564232       0.0046174025     499.18436        499.18436        1.3402844e-07   
 1          66         184.15068        1          1          1          2          0.79975508       0.0047361968     499.20024        499.20024        1.306578e-07    
 1          67         193.74135        1          1          1          2          0.7831948        0.0048574456     499.21681        499.21681        1.2738772e-07   
 1          68         203.81156        1          1          1          2          0.76598604       0.0049811351     499.23401        499.23401        1.2421463e-07   
 1          69         214.38528        1          1          1          2          0.74815619       0.0051072379     499.25184        499.25184        1.2113863e-07   
 1          70         225.48768        1          1          1          2          0.72973529       0.0052357107     499.27026        499.27026        1.1815875e-07   
 1          71         237.1452         1          1          1          2          0.71075575       0.0053664932     499.28924        499.28924        1.1527109e-07   
 1          72         249.3856         1          1          1          2          0.69125228       0.0054995067     499.30875        499.30875        1.1247514e-07   
 1          73         262.23802        1          1          1          2          0.67126165       0.0056346527     499.32874        499.32874        1.0976378e-07   
 1          74         275.73305        1          1          1          2          0.65082265       0.0057718118     499.34918        499.34918        1.0714593e-07   
 1          75         289.90284        1          1          1          2          0.62997595       0.0059108428     499.37002        499.37002        1.0461803e-07   
 1          76         304.78113        1          1          1          2          0.60876406       0.0060515824     499.39124        499.39124        1.0217903e-07   
 1          77         320.40332        1          1          1          2          0.58723128       0.0061938443     499.41277        499.41277        9.9823964e-08   
 1          78         336.80662        1          1          1          2          0.56542369       0.0063374193     499.43458        499.43458        9.7554843e-08   
 1          79         354.03009        1          1          1          2          0.54338912       0.0064820757     499.45661        499.45661        9.5369471e-08   
 1          80         372.11474        1          1          1          2          0.52117715       0.0066275593     499.47882        499.47882        9.3270477e-08   
 1          81         391.10361        1          1          1          2          0.49883909       0.0067735944     499.50116        499.50116        9.1251291e-08   
 1          82         411.04193        1          1          1          2          0.47642791       0.0069198853     499.52357        499.52357        8.9313167e-08   
 1          83         431.97716        1          1          1          2          0.45399822       0.0070661169     499.546          499.546          8.7456395e-08   
 1          84         453.95916        1          1          1          2          0.43160614       0.0072119573     499.56839        499.56839        8.5681156e-08   
 1          85         477.04026        1          1          1          2          0.40930911       0.0073570594     499.59069        499.59069        8.3981448e-08   
 1          86         501.27541        1          1          1          2          0.38716575       0.0075010633     499.61283        499.61283        8.2361338e-08   
 1          87         526.72232        1          1          1          2          0.36523553       0.0076435991     499.63476        499.63476        8.0817264e-08   
 1          88         553.44157        1          1          1          2          0.34357848       0.0077842901     499.65642        499.65642        7.9350524e-08   
 1          89         581.49679        1          1          1          2          0.32225481       0.0079227558     499.67775        499.67775        7.795923e-08    
 1          90         610.95476        1          1          1          2          0.30132443       0.0080586155     499.69868        499.69868        7.6642703e-08   
 1          91         641.88564        1          1          1          2          0.28084647       0.0081914922     499.71915        499.71915        7.5394915e-08   
 1          92         674.36306        1          1          1          2          0.26087873       0.0083210168     499.73912        499.73912        6.8676847e-08   
 1          93         708.46435        1          1          1          2          0.24147709       0.0084468316     499.75852        499.75852        1.9179933e-07   
 1          94         744.27071        1          1          1          2          0.2226949        0.0085685953     499.77731        499.77731        2.9565161e-07   
 1          95         781.86738        1          1          1          2          0.20458233       0.0086859868     499.79542        499.79542        3.8201944e-07   
 1          96         821.34389        1          1          1          2          0.18718572       0.0087987095     499.81281        499.81281        4.5274594e-07   
 1          97         862.79422        1          1          1          2          0.170547         0.0089064956     499.82945        499.82945        5.0968803e-07   
 1          98         906.31707        1          1          1          2          0.15470304       0.0090091099     499.8453         499.8453         5.5467347e-07   
 1          99         952.01606        1          1          1          2          0.13968515       0.0091063532     499.86031        499.86031        5.8946176e-07   
 1          100        1000             1          1          1          2          0.12551854       0.0091980658     499.87448        499.87448        6.1570565e-07   
